-------------------------------------------------------------------------------
Test set: TestConnectedEntity
-------------------------------------------------------------------------------
Tests run: 3, Failures: 0, Errors: 3, Skipped: 0, Time elapsed: 0.065 sec <<< FAILURE!
color_validationPasses(TestConnectedEntity)  Time elapsed: 0.041 sec  <<< ERROR!
java.io.UncheckedIOException: java.net.ConnectException: Connection refused (Connection refused)
	at org.everit.json.schema.loader.internal.DefaultSchemaClient.get(DefaultSchemaClient.java:20)
	at org.everit.json.schema.loader.JsonPointerEvaluator.executeWith(JsonPointerEvaluator.java:76)
	at org.everit.json.schema.loader.JsonPointerEvaluator.lambda$forURL$1(JsonPointerEvaluator.java:124)
	at org.everit.json.schema.loader.JsonPointerEvaluator.query(JsonPointerEvaluator.java:144)
	at org.everit.json.schema.loader.ReferenceLookup.lookup(ReferenceLookup.java:159)
	at org.everit.json.schema.loader.ReferenceSchemaExtractor.extract(SchemaExtractor.java:163)
	at org.everit.json.schema.loader.AbstractSchemaExtractor.extract(SchemaExtractor.java:80)
	at org.everit.json.schema.loader.SchemaLoader.runSchemaExtractors(SchemaLoader.java:359)
	at org.everit.json.schema.loader.SchemaLoader.loadSchemaObject(SchemaLoader.java:340)
	at org.everit.json.schema.loader.JsonValue$Multiplexer.requireAny(JsonValue.java:44)
	at org.everit.json.schema.loader.SchemaLoader.load(SchemaLoader.java:410)
	at org.everit.json.schema.loader.ReferenceLookup.performQueryEvaluation(ReferenceLookup.java:126)
	at org.everit.json.schema.loader.ReferenceLookup.lookup(ReferenceLookup.java:136)
	at org.everit.json.schema.loader.ReferenceSchemaExtractor.extract(SchemaExtractor.java:163)
	at org.everit.json.schema.loader.AbstractSchemaExtractor.extract(SchemaExtractor.java:80)
	at org.everit.json.schema.loader.SchemaLoader.runSchemaExtractors(SchemaLoader.java:359)
	at org.everit.json.schema.loader.SchemaLoader.loadSchemaObject(SchemaLoader.java:340)
	at org.everit.json.schema.loader.JsonValue$Multiplexer.requireAny(JsonValue.java:44)
	at org.everit.json.schema.loader.SchemaLoader.load(SchemaLoader.java:410)
	at org.everit.json.schema.loader.SchemaLoader.loadChild(SchemaLoader.java:414)
	at org.everit.json.schema.loader.ObjectSchemaLoader.addPropertySchemaDefinition(ObjectSchemaLoader.java:70)
	at org.everit.json.schema.loader.ObjectSchemaLoader.lambda$populatePropertySchemas$9(ObjectSchemaLoader.java:64)
	at org.everit.json.schema.loader.JsonObject.iterateOnEntry(JsonObject.java:84)
	at org.everit.json.schema.loader.JsonObject.lambda$forEach$1(JsonObject.java:79)
	at java.util.HashMap$EntrySet.forEach(HashMap.java:1044)
	at org.everit.json.schema.loader.JsonObject.forEach(JsonObject.java:79)
	at org.everit.json.schema.loader.ObjectSchemaLoader.populatePropertySchemas(ObjectSchemaLoader.java:61)
	at org.everit.json.schema.loader.ObjectSchemaLoader.lambda$load$0(ObjectSchemaLoader.java:32)
	at java.util.Optional.ifPresent(Optional.java:159)
	at org.everit.json.schema.loader.ObjectSchemaLoader.load(ObjectSchemaLoader.java:32)
	at org.everit.json.schema.loader.AbstractSchemaExtractor.buildObjectSchema(SchemaExtractor.java:113)
	at org.everit.json.schema.loader.TypeBasedSchemaExtractor.loadForExplicitType(SchemaExtractor.java:248)
	at org.everit.json.schema.loader.JsonValue$Multiplexer.requireAny(JsonValue.java:44)
	at org.everit.json.schema.loader.TypeBasedSchemaExtractor.extract(SchemaExtractor.java:217)
	at org.everit.json.schema.loader.AbstractSchemaExtractor.extract(SchemaExtractor.java:80)
	at org.everit.json.schema.loader.SchemaLoader.runSchemaExtractors(SchemaLoader.java:372)
	at org.everit.json.schema.loader.SchemaLoader.loadSchemaObject(SchemaLoader.java:340)
	at org.everit.json.schema.loader.JsonValue$Multiplexer.requireAny(JsonValue.java:44)
	at org.everit.json.schema.loader.SchemaLoader.load(SchemaLoader.java:410)
	at org.everit.json.schema.loader.ReferenceLookup.performQueryEvaluation(ReferenceLookup.java:126)
	at org.everit.json.schema.loader.ReferenceLookup.lookup(ReferenceLookup.java:136)
	at org.everit.json.schema.loader.ReferenceSchemaExtractor.extract(SchemaExtractor.java:163)
	at org.everit.json.schema.loader.AbstractSchemaExtractor.extract(SchemaExtractor.java:80)
	at org.everit.json.schema.loader.SchemaLoader.runSchemaExtractors(SchemaLoader.java:359)
	at org.everit.json.schema.loader.SchemaLoader.loadSchemaObject(SchemaLoader.java:340)
	at org.everit.json.schema.loader.JsonValue$Multiplexer.requireAny(JsonValue.java:44)
	at org.everit.json.schema.loader.SchemaLoader.load(SchemaLoader.java:410)
	at org.everit.json.schema.loader.SchemaLoader.loadChild(SchemaLoader.java:414)
	at org.everit.json.schema.loader.ObjectSchemaLoader.addPropertySchemaDefinition(ObjectSchemaLoader.java:70)
	at org.everit.json.schema.loader.ObjectSchemaLoader.lambda$populatePropertySchemas$9(ObjectSchemaLoader.java:64)
	at org.everit.json.schema.loader.JsonObject.iterateOnEntry(JsonObject.java:84)
	at org.everit.json.schema.loader.JsonObject.lambda$forEach$1(JsonObject.java:79)
	at java.util.HashMap$EntrySet.forEach(HashMap.java:1044)
	at org.everit.json.schema.loader.JsonObject.forEach(JsonObject.java:79)
	at org.everit.json.schema.loader.ObjectSchemaLoader.populatePropertySchemas(ObjectSchemaLoader.java:61)
	at org.everit.json.schema.loader.ObjectSchemaLoader.lambda$load$0(ObjectSchemaLoader.java:32)
	at java.util.Optional.ifPresent(Optional.java:159)
	at org.everit.json.schema.loader.ObjectSchemaLoader.load(ObjectSchemaLoader.java:32)
	at org.everit.json.schema.loader.AbstractSchemaExtractor.buildObjectSchema(SchemaExtractor.java:113)
	at org.everit.json.schema.loader.TypeBasedSchemaExtractor.loadForExplicitType(SchemaExtractor.java:248)
	at org.everit.json.schema.loader.JsonValue$Multiplexer.requireAny(JsonValue.java:44)
	at org.everit.json.schema.loader.TypeBasedSchemaExtractor.extract(SchemaExtractor.java:217)
	at org.everit.json.schema.loader.AbstractSchemaExtractor.extract(SchemaExtractor.java:80)
	at org.everit.json.schema.loader.SchemaLoader.runSchemaExtractors(SchemaLoader.java:372)
	at org.everit.json.schema.loader.SchemaLoader.loadSchemaObject(SchemaLoader.java:340)
	at org.everit.json.schema.loader.JsonValue$Multiplexer.requireAny(JsonValue.java:44)
	at org.everit.json.schema.loader.SchemaLoader.load(SchemaLoader.java:410)
	at TestConnectedEntity.setUp(TestConnectedEntity.java:22)
	at sun.reflect.NativeMethodAccessorImpl.invoke0(Native Method)
	at sun.reflect.NativeMethodAccessorImpl.invoke(NativeMethodAccessorImpl.java:62)
	at sun.reflect.DelegatingMethodAccessorImpl.invoke(DelegatingMethodAccessorImpl.java:43)
	at java.lang.reflect.Method.invoke(Method.java:498)
	at org.junit.runners.model.FrameworkMethod$1.runReflectiveCall(FrameworkMethod.java:50)
	at org.junit.internal.runners.model.ReflectiveCallable.run(ReflectiveCallable.java:12)
	at org.junit.runners.model.FrameworkMethod.invokeExplosively(FrameworkMethod.java:47)
	at org.junit.internal.runners.statements.RunBefores.evaluate(RunBefores.java:24)
	at org.junit.internal.runners.statements.RunAfters.evaluate(RunAfters.java:27)
	at org.junit.runners.ParentRunner.runLeaf(ParentRunner.java:325)
	at org.junit.runners.BlockJUnit4ClassRunner.runChild(BlockJUnit4ClassRunner.java:78)
	at org.junit.runners.BlockJUnit4ClassRunner.runChild(BlockJUnit4ClassRunner.java:57)
	at org.junit.runners.ParentRunner$3.run(ParentRunner.java:290)
	at org.junit.runners.ParentRunner$1.schedule(ParentRunner.java:71)
	at org.junit.runners.ParentRunner.runChildren(ParentRunner.java:288)
	at org.junit.runners.ParentRunner.access$000(ParentRunner.java:58)
	at org.junit.runners.ParentRunner$2.evaluate(ParentRunner.java:268)
	at org.junit.runners.ParentRunner.run(ParentRunner.java:363)
	at org.apache.maven.surefire.junit4.JUnit4Provider.execute(JUnit4Provider.java:252)
	at org.apache.maven.surefire.junit4.JUnit4Provider.executeTestSet(JUnit4Provider.java:141)
	at org.apache.maven.surefire.junit4.JUnit4Provider.invoke(JUnit4Provider.java:112)
	at sun.reflect.NativeMethodAccessorImpl.invoke0(Native Method)
	at sun.reflect.NativeMethodAccessorImpl.invoke(NativeMethodAccessorImpl.java:62)
	at sun.reflect.DelegatingMethodAccessorImpl.invoke(DelegatingMethodAccessorImpl.java:43)
	at java.lang.reflect.Method.invoke(Method.java:498)
	at org.apache.maven.surefire.util.ReflectionUtils.invokeMethodWithArray(ReflectionUtils.java:189)
	at org.apache.maven.surefire.booter.ProviderFactory$ProviderProxy.invoke(ProviderFactory.java:165)
	at org.apache.maven.surefire.booter.ProviderFactory.invokeProvider(ProviderFactory.java:85)
	at org.apache.maven.surefire.booter.ForkedBooter.runSuitesInProcess(ForkedBooter.java:115)
	at org.apache.maven.surefire.booter.ForkedBooter.main(ForkedBooter.java:75)
Caused by: java.net.ConnectException: Connection refused (Connection refused)
	at java.net.PlainSocketImpl.socketConnect(Native Method)
	at java.net.AbstractPlainSocketImpl.doConnect(AbstractPlainSocketImpl.java:350)
	at java.net.AbstractPlainSocketImpl.connectToAddress(AbstractPlainSocketImpl.java:206)
	at java.net.AbstractPlainSocketImpl.connect(AbstractPlainSocketImpl.java:188)
	at java.net.SocksSocketImpl.connect(SocksSocketImpl.java:392)
	at java.net.Socket.connect(Socket.java:589)
	at java.net.Socket.connect(Socket.java:538)
	at sun.net.NetworkClient.doConnect(NetworkClient.java:180)
	at sun.net.www.http.HttpClient.openServer(HttpClient.java:463)
	at sun.net.www.http.HttpClient.openServer(HttpClient.java:558)
	at sun.net.www.http.HttpClient.<init>(HttpClient.java:242)
	at sun.net.www.http.HttpClient.New(HttpClient.java:339)
	at sun.net.www.http.HttpClient.New(HttpClient.java:357)
	at sun.net.www.protocol.http.HttpURLConnection.getNewHttpClient(HttpURLConnection.java:1220)
	at sun.net.www.protocol.http.HttpURLConnection.plainConnect0(HttpURLConnection.java:1156)
	at sun.net.www.protocol.http.HttpURLConnection.plainConnect(HttpURLConnection.java:1050)
	at sun.net.www.protocol.http.HttpURLConnection.connect(HttpURLConnection.java:984)
	at sun.net.www.protocol.http.HttpURLConnection.getInputStream0(HttpURLConnection.java:1564)
	at sun.net.www.protocol.http.HttpURLConnection.getInputStream(HttpURLConnection.java:1492)
	at java.net.URLConnection.getContent(URLConnection.java:739)
	at java.net.URL.getContent(URL.java:1059)
	at org.everit.json.schema.loader.internal.DefaultSchemaClient.get(DefaultSchemaClient.java:18)
	... 97 more

connectedEntityValidRectangle_validationPasses(TestConnectedEntity)  Time elapsed: 0.006 sec  <<< ERROR!
java.io.UncheckedIOException: java.net.ConnectException: Connection refused (Connection refused)
	at org.everit.json.schema.loader.internal.DefaultSchemaClient.get(DefaultSchemaClient.java:20)
	at org.everit.json.schema.loader.JsonPointerEvaluator.executeWith(JsonPointerEvaluator.java:76)
	at org.everit.json.schema.loader.JsonPointerEvaluator.lambda$forURL$1(JsonPointerEvaluator.java:124)
	at org.everit.json.schema.loader.JsonPointerEvaluator.query(JsonPointerEvaluator.java:144)
	at org.everit.json.schema.loader.ReferenceLookup.lookup(ReferenceLookup.java:159)
	at org.everit.json.schema.loader.ReferenceSchemaExtractor.extract(SchemaExtractor.java:163)
	at org.everit.json.schema.loader.AbstractSchemaExtractor.extract(SchemaExtractor.java:80)
	at org.everit.json.schema.loader.SchemaLoader.runSchemaExtractors(SchemaLoader.java:359)
	at org.everit.json.schema.loader.SchemaLoader.loadSchemaObject(SchemaLoader.java:340)
	at org.everit.json.schema.loader.JsonValue$Multiplexer.requireAny(JsonValue.java:44)
	at org.everit.json.schema.loader.SchemaLoader.load(SchemaLoader.java:410)
	at org.everit.json.schema.loader.ReferenceLookup.performQueryEvaluation(ReferenceLookup.java:126)
	at org.everit.json.schema.loader.ReferenceLookup.lookup(ReferenceLookup.java:136)
	at org.everit.json.schema.loader.ReferenceSchemaExtractor.extract(SchemaExtractor.java:163)
	at org.everit.json.schema.loader.AbstractSchemaExtractor.extract(SchemaExtractor.java:80)
	at org.everit.json.schema.loader.SchemaLoader.runSchemaExtractors(SchemaLoader.java:359)
	at org.everit.json.schema.loader.SchemaLoader.loadSchemaObject(SchemaLoader.java:340)
	at org.everit.json.schema.loader.JsonValue$Multiplexer.requireAny(JsonValue.java:44)
	at org.everit.json.schema.loader.SchemaLoader.load(SchemaLoader.java:410)
	at org.everit.json.schema.loader.SchemaLoader.loadChild(SchemaLoader.java:414)
	at org.everit.json.schema.loader.ObjectSchemaLoader.addPropertySchemaDefinition(ObjectSchemaLoader.java:70)
	at org.everit.json.schema.loader.ObjectSchemaLoader.lambda$populatePropertySchemas$9(ObjectSchemaLoader.java:64)
	at org.everit.json.schema.loader.JsonObject.iterateOnEntry(JsonObject.java:84)
	at org.everit.json.schema.loader.JsonObject.lambda$forEach$1(JsonObject.java:79)
	at java.util.HashMap$EntrySet.forEach(HashMap.java:1044)
	at org.everit.json.schema.loader.JsonObject.forEach(JsonObject.java:79)
	at org.everit.json.schema.loader.ObjectSchemaLoader.populatePropertySchemas(ObjectSchemaLoader.java:61)
	at org.everit.json.schema.loader.ObjectSchemaLoader.lambda$load$0(ObjectSchemaLoader.java:32)
	at java.util.Optional.ifPresent(Optional.java:159)
	at org.everit.json.schema.loader.ObjectSchemaLoader.load(ObjectSchemaLoader.java:32)
	at org.everit.json.schema.loader.AbstractSchemaExtractor.buildObjectSchema(SchemaExtractor.java:113)
	at org.everit.json.schema.loader.TypeBasedSchemaExtractor.loadForExplicitType(SchemaExtractor.java:248)
	at org.everit.json.schema.loader.JsonValue$Multiplexer.requireAny(JsonValue.java:44)
	at org.everit.json.schema.loader.TypeBasedSchemaExtractor.extract(SchemaExtractor.java:217)
	at org.everit.json.schema.loader.AbstractSchemaExtractor.extract(SchemaExtractor.java:80)
	at org.everit.json.schema.loader.SchemaLoader.runSchemaExtractors(SchemaLoader.java:372)
	at org.everit.json.schema.loader.SchemaLoader.loadSchemaObject(SchemaLoader.java:340)
	at org.everit.json.schema.loader.JsonValue$Multiplexer.requireAny(JsonValue.java:44)
	at org.everit.json.schema.loader.SchemaLoader.load(SchemaLoader.java:410)
	at org.everit.json.schema.loader.ReferenceLookup.performQueryEvaluation(ReferenceLookup.java:126)
	at org.everit.json.schema.loader.ReferenceLookup.lookup(ReferenceLookup.java:136)
	at org.everit.json.schema.loader.ReferenceSchemaExtractor.extract(SchemaExtractor.java:163)
	at org.everit.json.schema.loader.AbstractSchemaExtractor.extract(SchemaExtractor.java:80)
	at org.everit.json.schema.loader.SchemaLoader.runSchemaExtractors(SchemaLoader.java:359)
	at org.everit.json.schema.loader.SchemaLoader.loadSchemaObject(SchemaLoader.java:340)
	at org.everit.json.schema.loader.JsonValue$Multiplexer.requireAny(JsonValue.java:44)
	at org.everit.json.schema.loader.SchemaLoader.load(SchemaLoader.java:410)
	at org.everit.json.schema.loader.SchemaLoader.loadChild(SchemaLoader.java:414)
	at org.everit.json.schema.loader.ObjectSchemaLoader.addPropertySchemaDefinition(ObjectSchemaLoader.java:70)
	at org.everit.json.schema.loader.ObjectSchemaLoader.lambda$populatePropertySchemas$9(ObjectSchemaLoader.java:64)
	at org.everit.json.schema.loader.JsonObject.iterateOnEntry(JsonObject.java:84)
	at org.everit.json.schema.loader.JsonObject.lambda$forEach$1(JsonObject.java:79)
	at java.util.HashMap$EntrySet.forEach(HashMap.java:1044)
	at org.everit.json.schema.loader.JsonObject.forEach(JsonObject.java:79)
	at org.everit.json.schema.loader.ObjectSchemaLoader.populatePropertySchemas(ObjectSchemaLoader.java:61)
	at org.everit.json.schema.loader.ObjectSchemaLoader.lambda$load$0(ObjectSchemaLoader.java:32)
	at java.util.Optional.ifPresent(Optional.java:159)
	at org.everit.json.schema.loader.ObjectSchemaLoader.load(ObjectSchemaLoader.java:32)
	at org.everit.json.schema.loader.AbstractSchemaExtractor.buildObjectSchema(SchemaExtractor.java:113)
	at org.everit.json.schema.loader.TypeBasedSchemaExtractor.loadForExplicitType(SchemaExtractor.java:248)
	at org.everit.json.schema.loader.JsonValue$Multiplexer.requireAny(JsonValue.java:44)
	at org.everit.json.schema.loader.TypeBasedSchemaExtractor.extract(SchemaExtractor.java:217)
	at org.everit.json.schema.loader.AbstractSchemaExtractor.extract(SchemaExtractor.java:80)
	at org.everit.json.schema.loader.SchemaLoader.runSchemaExtractors(SchemaLoader.java:372)
	at org.everit.json.schema.loader.SchemaLoader.loadSchemaObject(SchemaLoader.java:340)
	at org.everit.json.schema.loader.JsonValue$Multiplexer.requireAny(JsonValue.java:44)
	at org.everit.json.schema.loader.SchemaLoader.load(SchemaLoader.java:410)
	at TestConnectedEntity.setUp(TestConnectedEntity.java:22)
	at sun.reflect.NativeMethodAccessorImpl.invoke0(Native Method)
	at sun.reflect.NativeMethodAccessorImpl.invoke(NativeMethodAccessorImpl.java:62)
	at sun.reflect.DelegatingMethodAccessorImpl.invoke(DelegatingMethodAccessorImpl.java:43)
	at java.lang.reflect.Method.invoke(Method.java:498)
	at org.junit.runners.model.FrameworkMethod$1.runReflectiveCall(FrameworkMethod.java:50)
	at org.junit.internal.runners.model.ReflectiveCallable.run(ReflectiveCallable.java:12)
	at org.junit.runners.model.FrameworkMethod.invokeExplosively(FrameworkMethod.java:47)
	at org.junit.internal.runners.statements.RunBefores.evaluate(RunBefores.java:24)
	at org.junit.internal.runners.statements.RunAfters.evaluate(RunAfters.java:27)
	at org.junit.runners.ParentRunner.runLeaf(ParentRunner.java:325)
	at org.junit.runners.BlockJUnit4ClassRunner.runChild(BlockJUnit4ClassRunner.java:78)
	at org.junit.runners.BlockJUnit4ClassRunner.runChild(BlockJUnit4ClassRunner.java:57)
	at org.junit.runners.ParentRunner$3.run(ParentRunner.java:290)
	at org.junit.runners.ParentRunner$1.schedule(ParentRunner.java:71)
	at org.junit.runners.ParentRunner.runChildren(ParentRunner.java:288)
	at org.junit.runners.ParentRunner.access$000(ParentRunner.java:58)
	at org.junit.runners.ParentRunner$2.evaluate(ParentRunner.java:268)
	at org.junit.runners.ParentRunner.run(ParentRunner.java:363)
	at org.apache.maven.surefire.junit4.JUnit4Provider.execute(JUnit4Provider.java:252)
	at org.apache.maven.surefire.junit4.JUnit4Provider.executeTestSet(JUnit4Provider.java:141)
	at org.apache.maven.surefire.junit4.JUnit4Provider.invoke(JUnit4Provider.java:112)
	at sun.reflect.NativeMethodAccessorImpl.invoke0(Native Method)
	at sun.reflect.NativeMethodAccessorImpl.invoke(NativeMethodAccessorImpl.java:62)
	at sun.reflect.DelegatingMethodAccessorImpl.invoke(DelegatingMethodAccessorImpl.java:43)
	at java.lang.reflect.Method.invoke(Method.java:498)
	at org.apache.maven.surefire.util.ReflectionUtils.invokeMethodWithArray(ReflectionUtils.java:189)
	at org.apache.maven.surefire.booter.ProviderFactory$ProviderProxy.invoke(ProviderFactory.java:165)
	at org.apache.maven.surefire.booter.ProviderFactory.invokeProvider(ProviderFactory.java:85)
	at org.apache.maven.surefire.booter.ForkedBooter.runSuitesInProcess(ForkedBooter.java:115)
	at org.apache.maven.surefire.booter.ForkedBooter.main(ForkedBooter.java:75)
Caused by: java.net.ConnectException: Connection refused (Connection refused)
	at java.net.PlainSocketImpl.socketConnect(Native Method)
	at java.net.AbstractPlainSocketImpl.doConnect(AbstractPlainSocketImpl.java:350)
	at java.net.AbstractPlainSocketImpl.connectToAddress(AbstractPlainSocketImpl.java:206)
	at java.net.AbstractPlainSocketImpl.connect(AbstractPlainSocketImpl.java:188)
	at java.net.SocksSocketImpl.connect(SocksSocketImpl.java:392)
	at java.net.Socket.connect(Socket.java:589)
	at java.net.Socket.connect(Socket.java:538)
	at sun.net.NetworkClient.doConnect(NetworkClient.java:180)
	at sun.net.www.http.HttpClient.openServer(HttpClient.java:463)
	at sun.net.www.http.HttpClient.openServer(HttpClient.java:558)
	at sun.net.www.http.HttpClient.<init>(HttpClient.java:242)
	at sun.net.www.http.HttpClient.New(HttpClient.java:339)
	at sun.net.www.http.HttpClient.New(HttpClient.java:357)
	at sun.net.www.protocol.http.HttpURLConnection.getNewHttpClient(HttpURLConnection.java:1220)
	at sun.net.www.protocol.http.HttpURLConnection.plainConnect0(HttpURLConnection.java:1156)
	at sun.net.www.protocol.http.HttpURLConnection.plainConnect(HttpURLConnection.java:1050)
	at sun.net.www.protocol.http.HttpURLConnection.connect(HttpURLConnection.java:984)
	at sun.net.www.protocol.http.HttpURLConnection.getInputStream0(HttpURLConnection.java:1564)
	at sun.net.www.protocol.http.HttpURLConnection.getInputStream(HttpURLConnection.java:1492)
	at java.net.URLConnection.getContent(URLConnection.java:739)
	at java.net.URL.getContent(URL.java:1059)
	at org.everit.json.schema.loader.internal.DefaultSchemaClient.get(DefaultSchemaClient.java:18)
	... 97 more

connectedEntityInvalidColorRectangle_validationPasses(TestConnectedEntity)  Time elapsed: 0.008 sec  <<< ERROR!
java.io.UncheckedIOException: java.net.ConnectException: Connection refused (Connection refused)
	at org.everit.json.schema.loader.internal.DefaultSchemaClient.get(DefaultSchemaClient.java:20)
	at org.everit.json.schema.loader.JsonPointerEvaluator.executeWith(JsonPointerEvaluator.java:76)
	at org.everit.json.schema.loader.JsonPointerEvaluator.lambda$forURL$1(JsonPointerEvaluator.java:124)
	at org.everit.json.schema.loader.JsonPointerEvaluator.query(JsonPointerEvaluator.java:144)
	at org.everit.json.schema.loader.ReferenceLookup.lookup(ReferenceLookup.java:159)
	at org.everit.json.schema.loader.ReferenceSchemaExtractor.extract(SchemaExtractor.java:163)
	at org.everit.json.schema.loader.AbstractSchemaExtractor.extract(SchemaExtractor.java:80)
	at org.everit.json.schema.loader.SchemaLoader.runSchemaExtractors(SchemaLoader.java:359)
	at org.everit.json.schema.loader.SchemaLoader.loadSchemaObject(SchemaLoader.java:340)
	at org.everit.json.schema.loader.JsonValue$Multiplexer.requireAny(JsonValue.java:44)
	at org.everit.json.schema.loader.SchemaLoader.load(SchemaLoader.java:410)
	at org.everit.json.schema.loader.ReferenceLookup.performQueryEvaluation(ReferenceLookup.java:126)
	at org.everit.json.schema.loader.ReferenceLookup.lookup(ReferenceLookup.java:136)
	at org.everit.json.schema.loader.ReferenceSchemaExtractor.extract(SchemaExtractor.java:163)
	at org.everit.json.schema.loader.AbstractSchemaExtractor.extract(SchemaExtractor.java:80)
	at org.everit.json.schema.loader.SchemaLoader.runSchemaExtractors(SchemaLoader.java:359)
	at org.everit.json.schema.loader.SchemaLoader.loadSchemaObject(SchemaLoader.java:340)
	at org.everit.json.schema.loader.JsonValue$Multiplexer.requireAny(JsonValue.java:44)
	at org.everit.json.schema.loader.SchemaLoader.load(SchemaLoader.java:410)
	at org.everit.json.schema.loader.SchemaLoader.loadChild(SchemaLoader.java:414)
	at org.everit.json.schema.loader.ObjectSchemaLoader.addPropertySchemaDefinition(ObjectSchemaLoader.java:70)
	at org.everit.json.schema.loader.ObjectSchemaLoader.lambda$populatePropertySchemas$9(ObjectSchemaLoader.java:64)
	at org.everit.json.schema.loader.JsonObject.iterateOnEntry(JsonObject.java:84)
	at org.everit.json.schema.loader.JsonObject.lambda$forEach$1(JsonObject.java:79)
	at java.util.HashMap$EntrySet.forEach(HashMap.java:1044)
	at org.everit.json.schema.loader.JsonObject.forEach(JsonObject.java:79)
	at org.everit.json.schema.loader.ObjectSchemaLoader.populatePropertySchemas(ObjectSchemaLoader.java:61)
	at org.everit.json.schema.loader.ObjectSchemaLoader.lambda$load$0(ObjectSchemaLoader.java:32)
	at java.util.Optional.ifPresent(Optional.java:159)
	at org.everit.json.schema.loader.ObjectSchemaLoader.load(ObjectSchemaLoader.java:32)
	at org.everit.json.schema.loader.AbstractSchemaExtractor.buildObjectSchema(SchemaExtractor.java:113)
	at org.everit.json.schema.loader.TypeBasedSchemaExtractor.loadForExplicitType(SchemaExtractor.java:248)
	at org.everit.json.schema.loader.JsonValue$Multiplexer.requireAny(JsonValue.java:44)
	at org.everit.json.schema.loader.TypeBasedSchemaExtractor.extract(SchemaExtractor.java:217)
	at org.everit.json.schema.loader.AbstractSchemaExtractor.extract(SchemaExtractor.java:80)
	at org.everit.json.schema.loader.SchemaLoader.runSchemaExtractors(SchemaLoader.java:372)
	at org.everit.json.schema.loader.SchemaLoader.loadSchemaObject(SchemaLoader.java:340)
	at org.everit.json.schema.loader.JsonValue$Multiplexer.requireAny(JsonValue.java:44)
	at org.everit.json.schema.loader.SchemaLoader.load(SchemaLoader.java:410)
	at org.everit.json.schema.loader.ReferenceLookup.performQueryEvaluation(ReferenceLookup.java:126)
	at org.everit.json.schema.loader.ReferenceLookup.lookup(ReferenceLookup.java:136)
	at org.everit.json.schema.loader.ReferenceSchemaExtractor.extract(SchemaExtractor.java:163)
	at org.everit.json.schema.loader.AbstractSchemaExtractor.extract(SchemaExtractor.java:80)
	at org.everit.json.schema.loader.SchemaLoader.runSchemaExtractors(SchemaLoader.java:359)
	at org.everit.json.schema.loader.SchemaLoader.loadSchemaObject(SchemaLoader.java:340)
	at org.everit.json.schema.loader.JsonValue$Multiplexer.requireAny(JsonValue.java:44)
	at org.everit.json.schema.loader.SchemaLoader.load(SchemaLoader.java:410)
	at org.everit.json.schema.loader.SchemaLoader.loadChild(SchemaLoader.java:414)
	at org.everit.json.schema.loader.ObjectSchemaLoader.addPropertySchemaDefinition(ObjectSchemaLoader.java:70)
	at org.everit.json.schema.loader.ObjectSchemaLoader.lambda$populatePropertySchemas$9(ObjectSchemaLoader.java:64)
	at org.everit.json.schema.loader.JsonObject.iterateOnEntry(JsonObject.java:84)
	at org.everit.json.schema.loader.JsonObject.lambda$forEach$1(JsonObject.java:79)
	at java.util.HashMap$EntrySet.forEach(HashMap.java:1044)
	at org.everit.json.schema.loader.JsonObject.forEach(JsonObject.java:79)
	at org.everit.json.schema.loader.ObjectSchemaLoader.populatePropertySchemas(ObjectSchemaLoader.java:61)
	at org.everit.json.schema.loader.ObjectSchemaLoader.lambda$load$0(ObjectSchemaLoader.java:32)
	at java.util.Optional.ifPresent(Optional.java:159)
	at org.everit.json.schema.loader.ObjectSchemaLoader.load(ObjectSchemaLoader.java:32)
	at org.everit.json.schema.loader.AbstractSchemaExtractor.buildObjectSchema(SchemaExtractor.java:113)
	at org.everit.json.schema.loader.TypeBasedSchemaExtractor.loadForExplicitType(SchemaExtractor.java:248)
	at org.everit.json.schema.loader.JsonValue$Multiplexer.requireAny(JsonValue.java:44)
	at org.everit.json.schema.loader.TypeBasedSchemaExtractor.extract(SchemaExtractor.java:217)
	at org.everit.json.schema.loader.AbstractSchemaExtractor.extract(SchemaExtractor.java:80)
	at org.everit.json.schema.loader.SchemaLoader.runSchemaExtractors(SchemaLoader.java:372)
	at org.everit.json.schema.loader.SchemaLoader.loadSchemaObject(SchemaLoader.java:340)
	at org.everit.json.schema.loader.JsonValue$Multiplexer.requireAny(JsonValue.java:44)
	at org.everit.json.schema.loader.SchemaLoader.load(SchemaLoader.java:410)
	at TestConnectedEntity.setUp(TestConnectedEntity.java:22)
	at sun.reflect.NativeMethodAccessorImpl.invoke0(Native Method)
	at sun.reflect.NativeMethodAccessorImpl.invoke(NativeMethodAccessorImpl.java:62)
	at sun.reflect.DelegatingMethodAccessorImpl.invoke(DelegatingMethodAccessorImpl.java:43)
	at java.lang.reflect.Method.invoke(Method.java:498)
	at org.junit.runners.model.FrameworkMethod$1.runReflectiveCall(FrameworkMethod.java:50)
	at org.junit.internal.runners.model.ReflectiveCallable.run(ReflectiveCallable.java:12)
	at org.junit.runners.model.FrameworkMethod.invokeExplosively(FrameworkMethod.java:47)
	at org.junit.internal.runners.statements.RunBefores.evaluate(RunBefores.java:24)
	at org.junit.internal.runners.statements.RunAfters.evaluate(RunAfters.java:27)
	at org.junit.runners.ParentRunner.runLeaf(ParentRunner.java:325)
	at org.junit.runners.BlockJUnit4ClassRunner.runChild(BlockJUnit4ClassRunner.java:78)
	at org.junit.runners.BlockJUnit4ClassRunner.runChild(BlockJUnit4ClassRunner.java:57)
	at org.junit.runners.ParentRunner$3.run(ParentRunner.java:290)
	at org.junit.runners.ParentRunner$1.schedule(ParentRunner.java:71)
	at org.junit.runners.ParentRunner.runChildren(ParentRunner.java:288)
	at org.junit.runners.ParentRunner.access$000(ParentRunner.java:58)
	at org.junit.runners.ParentRunner$2.evaluate(ParentRunner.java:268)
	at org.junit.runners.ParentRunner.run(ParentRunner.java:363)
	at org.apache.maven.surefire.junit4.JUnit4Provider.execute(JUnit4Provider.java:252)
	at org.apache.maven.surefire.junit4.JUnit4Provider.executeTestSet(JUnit4Provider.java:141)
	at org.apache.maven.surefire.junit4.JUnit4Provider.invoke(JUnit4Provider.java:112)
	at sun.reflect.NativeMethodAccessorImpl.invoke0(Native Method)
	at sun.reflect.NativeMethodAccessorImpl.invoke(NativeMethodAccessorImpl.java:62)
	at sun.reflect.DelegatingMethodAccessorImpl.invoke(DelegatingMethodAccessorImpl.java:43)
	at java.lang.reflect.Method.invoke(Method.java:498)
	at org.apache.maven.surefire.util.ReflectionUtils.invokeMethodWithArray(ReflectionUtils.java:189)
	at org.apache.maven.surefire.booter.ProviderFactory$ProviderProxy.invoke(ProviderFactory.java:165)
	at org.apache.maven.surefire.booter.ProviderFactory.invokeProvider(ProviderFactory.java:85)
	at org.apache.maven.surefire.booter.ForkedBooter.runSuitesInProcess(ForkedBooter.java:115)
	at org.apache.maven.surefire.booter.ForkedBooter.main(ForkedBooter.java:75)
Caused by: java.net.ConnectException: Connection refused (Connection refused)
	at java.net.PlainSocketImpl.socketConnect(Native Method)
	at java.net.AbstractPlainSocketImpl.doConnect(AbstractPlainSocketImpl.java:350)
	at java.net.AbstractPlainSocketImpl.connectToAddress(AbstractPlainSocketImpl.java:206)
	at java.net.AbstractPlainSocketImpl.connect(AbstractPlainSocketImpl.java:188)
	at java.net.SocksSocketImpl.connect(SocksSocketImpl.java:392)
	at java.net.Socket.connect(Socket.java:589)
	at java.net.Socket.connect(Socket.java:538)
	at sun.net.NetworkClient.doConnect(NetworkClient.java:180)
	at sun.net.www.http.HttpClient.openServer(HttpClient.java:463)
	at sun.net.www.http.HttpClient.openServer(HttpClient.java:558)
	at sun.net.www.http.HttpClient.<init>(HttpClient.java:242)
	at sun.net.www.http.HttpClient.New(HttpClient.java:339)
	at sun.net.www.http.HttpClient.New(HttpClient.java:357)
	at sun.net.www.protocol.http.HttpURLConnection.getNewHttpClient(HttpURLConnection.java:1220)
	at sun.net.www.protocol.http.HttpURLConnection.plainConnect0(HttpURLConnection.java:1156)
	at sun.net.www.protocol.http.HttpURLConnection.plainConnect(HttpURLConnection.java:1050)
	at sun.net.www.protocol.http.HttpURLConnection.connect(HttpURLConnection.java:984)
	at sun.net.www.protocol.http.HttpURLConnection.getInputStream0(HttpURLConnection.java:1564)
	at sun.net.www.protocol.http.HttpURLConnection.getInputStream(HttpURLConnection.java:1492)
	at java.net.URLConnection.getContent(URLConnection.java:739)
	at java.net.URL.getContent(URL.java:1059)
	at org.everit.json.schema.loader.internal.DefaultSchemaClient.get(DefaultSchemaClient.java:18)
	... 97 more

