-------------------------------------------------------------------------------
Test set: TestDateTime
-------------------------------------------------------------------------------
Tests run: 2, Failures: 0, Errors: 1, Skipped: 0, Time elapsed: 0.01 sec <<< FAILURE!
simpleValidHistoricalItem_validationPasses(TestDateTime)  Time elapsed: 0.009 sec  <<< ERROR!
org.everit.json.schema.ValidationException: #/history/when: [] is not a valid date-time. Expected [yyyy-MM-dd'T'HH:mm:ssZ, yyyy-MM-dd'T'HH:mm:ss.[0-9]{1,9}Z, yyyy-MM-dd'T'HH:mm:ss[+-]HH:mm, yyyy-MM-dd'T'HH:mm:ss.[0-9]{1,9}[+-]HH:mm]
	at org.everit.json.schema.ValidationException.prepend(ValidationException.java:397)
	at org.everit.json.schema.ValidationException.prepend(ValidationException.java:377)
	at org.everit.json.schema.ObjectSchemaValidatingVisitor.visitPropertySchema(ObjectSchemaValidatingVisitor.java:159)
	at org.everit.json.schema.Visitor.visitObjectSchema(Visitor.java:131)
	at org.everit.json.schema.ObjectSchemaValidatingVisitor.visitObjectSchema(ObjectSchemaValidatingVisitor.java:35)
	at org.everit.json.schema.ObjectSchema.accept(ObjectSchema.java:266)
	at org.everit.json.schema.ValidatingVisitor.visitObjectSchema(ValidatingVisitor.java:132)
	at org.everit.json.schema.ObjectSchema.accept(ObjectSchema.java:266)
	at org.everit.json.schema.Visitor.visit(Visitor.java:43)
	at org.everit.json.schema.ValidatingVisitor.visit(ValidatingVisitor.java:46)
	at org.everit.json.schema.DefaultValidator.performValidation(Validator.java:53)
	at org.everit.json.schema.Schema.validate(Schema.java:126)
	at TestDateTime.simpleValidHistoricalItem_validationPasses(TestDateTime.java:28)
	at sun.reflect.NativeMethodAccessorImpl.invoke0(Native Method)
	at sun.reflect.NativeMethodAccessorImpl.invoke(NativeMethodAccessorImpl.java:62)
	at sun.reflect.DelegatingMethodAccessorImpl.invoke(DelegatingMethodAccessorImpl.java:43)
	at java.lang.reflect.Method.invoke(Method.java:498)
	at org.junit.runners.model.FrameworkMethod$1.runReflectiveCall(FrameworkMethod.java:50)
	at org.junit.internal.runners.model.ReflectiveCallable.run(ReflectiveCallable.java:12)
	at org.junit.runners.model.FrameworkMethod.invokeExplosively(FrameworkMethod.java:47)
	at org.junit.internal.runners.statements.InvokeMethod.evaluate(InvokeMethod.java:17)
	at org.junit.internal.runners.statements.RunBefores.evaluate(RunBefores.java:26)
	at org.junit.internal.runners.statements.RunAfters.evaluate(RunAfters.java:27)
	at org.junit.runners.ParentRunner.runLeaf(ParentRunner.java:325)
	at org.junit.runners.BlockJUnit4ClassRunner.runChild(BlockJUnit4ClassRunner.java:78)
	at org.junit.runners.BlockJUnit4ClassRunner.runChild(BlockJUnit4ClassRunner.java:57)
	at org.junit.runners.ParentRunner$3.run(ParentRunner.java:290)
	at org.junit.runners.ParentRunner$1.schedule(ParentRunner.java:71)
	at org.junit.runners.ParentRunner.runChildren(ParentRunner.java:288)
	at org.junit.runners.ParentRunner.access$000(ParentRunner.java:58)
	at org.junit.runners.ParentRunner$2.evaluate(ParentRunner.java:268)
	at org.junit.runners.ParentRunner.run(ParentRunner.java:363)
	at org.apache.maven.surefire.junit4.JUnit4Provider.execute(JUnit4Provider.java:252)
	at org.apache.maven.surefire.junit4.JUnit4Provider.executeTestSet(JUnit4Provider.java:141)
	at org.apache.maven.surefire.junit4.JUnit4Provider.invoke(JUnit4Provider.java:112)
	at sun.reflect.NativeMethodAccessorImpl.invoke0(Native Method)
	at sun.reflect.NativeMethodAccessorImpl.invoke(NativeMethodAccessorImpl.java:62)
	at sun.reflect.DelegatingMethodAccessorImpl.invoke(DelegatingMethodAccessorImpl.java:43)
	at java.lang.reflect.Method.invoke(Method.java:498)
	at org.apache.maven.surefire.util.ReflectionUtils.invokeMethodWithArray(ReflectionUtils.java:189)
	at org.apache.maven.surefire.booter.ProviderFactory$ProviderProxy.invoke(ProviderFactory.java:165)
	at org.apache.maven.surefire.booter.ProviderFactory.invokeProvider(ProviderFactory.java:85)
	at org.apache.maven.surefire.booter.ForkedBooter.runSuitesInProcess(ForkedBooter.java:115)
	at org.apache.maven.surefire.booter.ForkedBooter.main(ForkedBooter.java:75)

